[2023/10/17 14:26:43]: No such file or directory
[2023/10/17 14:27:22]: No such file or directory
[2023/10/17 14:28:03]: No such file or directory
[2023/10/17 14:31:04]: No such file or directory
[2023/10/17 14:38:05]: Before start of result set
[2023/10/17 15:04:25]: Parameter index out of range (1 > number of parameters, which is 0).
[2023/10/17 21:48:41]: Communications link failure

The last packet sent successfully to the server was 0 milliseconds ago. The driver has not received any packets from the server.
[2023/10/17 21:48:56]: Communications link failure

The last packet sent successfully to the server was 0 milliseconds ago. The driver has not received any packets from the server.
[2023/10/17 21:51:57]: Communications link failure

The last packet sent successfully to the server was 0 milliseconds ago. The driver has not received any packets from the server.
[2023/10/17 21:52:14]: Communications link failure

The last packet sent successfully to the server was 0 milliseconds ago. The driver has not received any packets from the server.
[2023/10/17 21:54:00]: Unknown column 'img' in 'field list'
[2023/10/17 21:57:55]: Unknown column 'img' in 'field list'
[2023/10/17 21:57:57]: Unknown column 'img' in 'field list'
[2023/10/17 21:57:57]: Unknown column 'img' in 'field list'
[2023/10/17 22:00:30]: Data truncation: Data too long for column 'img' at row 1
[2023/10/17 22:00:30]: Data truncation: Data too long for column 'img' at row 1
[2023/10/17 22:00:32]: Data truncation: Data too long for column 'img' at row 1
[2023/10/17 22:00:32]: Data truncation: Data too long for column 'img' at row 1
[2023/10/17 22:00:32]: Data truncation: Data too long for column 'img' at row 1
[2023/10/17 22:00:35]: Data truncation: Data too long for column 'img' at row 1
[2023/10/17 22:00:35]: Data truncation: Data too long for column 'img' at row 1
[2023/10/17 22:00:35]: Data truncation: Data too long for column 'img' at row 1
[2023/10/17 22:00:35]: Data truncation: Data too long for column 'img' at row 1
[2023/10/17 22:00:38]: Data truncation: Data too long for column 'img' at row 1
[2023/10/17 22:00:38]: Data truncation: Data too long for column 'img' at row 1
[2023/10/17 22:00:38]: Data truncation: Data too long for column 'img' at row 1
[2023/10/17 22:00:38]: Data truncation: Data too long for column 'img' at row 1
[2023/10/17 22:00:38]: Data truncation: Data too long for column 'img' at row 1
[2023/10/17 22:00:39]: Data truncation: Data too long for column 'img' at row 1
[2023/10/17 22:00:39]: Data truncation: Data too long for column 'img' at row 1
[2023/10/17 22:00:39]: Data truncation: Data too long for column 'img' at row 1
[2023/10/17 22:00:39]: Data truncation: Data too long for column 'img' at row 1
[2023/10/17 22:00:39]: Data truncation: Data too long for column 'img' at row 1
[2023/10/17 22:00:39]: Data truncation: Data too long for column 'img' at row 1
[2023/10/17 22:00:39]: Data truncation: Data too long for column 'img' at row 1
[2023/10/17 22:00:39]: Data truncation: Data too long for column 'img' at row 1
[2023/10/17 22:00:39]: Data truncation: Data too long for column 'img' at row 1
[2023/10/17 22:00:39]: Data truncation: Data too long for column 'img' at row 1
[2023/10/17 22:00:39]: Data truncation: Data too long for column 'img' at row 1
[2023/10/17 22:00:39]: Data truncation: Data too long for column 'img' at row 1
[2023/10/17 22:00:39]: Data truncation: Data too long for column 'img' at row 1
[2023/10/17 22:00:39]: Data truncation: Data too long for column 'img' at row 1
[2023/10/17 22:00:39]: Data truncation: Data too long for column 'img' at row 1
[2023/10/17 22:00:39]: Data truncation: Data too long for column 'img' at row 1
[2023/10/17 22:00:39]: Data truncation: Data too long for column 'img' at row 1
[2023/10/17 22:00:39]: Data truncation: Data too long for column 'img' at row 1
[2023/10/17 22:00:39]: Data truncation: Data too long for column 'img' at row 1
[2023/10/17 22:00:39]: Data truncation: Data too long for column 'img' at row 1
[2023/10/17 22:00:39]: Data truncation: Data too long for column 'img' at row 1
[2023/10/17 22:00:40]: Data truncation: Data too long for column 'img' at row 1
[2023/10/17 22:00:40]: Data truncation: Data too long for column 'img' at row 1
[2023/10/17 22:00:40]: Data truncation: Data too long for column 'img' at row 1
[2023/10/17 22:00:40]: Data truncation: Data too long for column 'img' at row 1
[2023/10/17 22:00:40]: Data truncation: Data too long for column 'img' at row 1
[2023/10/17 22:00:40]: Data truncation: Data too long for column 'img' at row 1
[2023/10/17 22:00:40]: Data truncation: Data too long for column 'img' at row 1
[2023/10/17 22:00:40]: Data truncation: Data too long for column 'img' at row 1
[2023/10/17 22:00:40]: Data truncation: Data too long for column 'img' at row 1
[2023/10/17 22:00:40]: Data truncation: Data too long for column 'img' at row 1
[2023/10/17 22:00:40]: Data truncation: Data too long for column 'img' at row 1
[2023/10/17 22:00:40]: Data truncation: Data too long for column 'img' at row 1
[2023/10/17 22:00:40]: Data truncation: Data too long for column 'img' at row 1
[2023/10/17 22:00:40]: Data truncation: Data too long for column 'img' at row 1
[2023/10/17 22:00:40]: Data truncation: Data too long for column 'img' at row 1
[2023/10/17 22:00:40]: Data truncation: Data too long for column 'img' at row 1
[2023/10/17 22:00:40]: Data truncation: Data too long for column 'img' at row 1
[2023/10/17 22:00:40]: Data truncation: Data too long for column 'img' at row 1
[2023/10/17 22:00:40]: Data truncation: Data too long for column 'img' at row 1
[2023/10/17 22:02:39]: Duplicate entry 'S-BALI-003' for key 'PRIMARY'
[2023/10/17 22:04:00]: Duplicate entry 'S-BALI-004' for key 'PRIMARY'
[2023/10/17 22:04:00]: Duplicate entry 'S-BALI-004' for key 'PRIMARY'
[2023/10/17 22:04:33]: Duplicate entry 'S-BNDG-001' for key 'PRIMARY'
[2023/10/17 22:04:33]: Duplicate entry 'S-BNDG-001' for key 'PRIMARY'
[2023/10/17 22:04:33]: Duplicate entry 'S-BNDG-001' for key 'PRIMARY'
[2023/10/17 22:05:11]: Duplicate entry 'S-BNJA-001' for key 'PRIMARY'
[2023/10/17 22:05:11]: Duplicate entry 'S-BNJA-001' for key 'PRIMARY'
[2023/10/17 22:05:11]: Duplicate entry 'S-BNJA-001' for key 'PRIMARY'
[2023/10/17 22:05:11]: Duplicate entry 'S-BNJA-001' for key 'PRIMARY'
[2023/10/17 22:05:42]: Duplicate entry 'S-BGOR-001' for key 'PRIMARY'
[2023/10/17 22:05:42]: Duplicate entry 'S-BGOR-001' for key 'PRIMARY'
[2023/10/17 22:05:42]: Duplicate entry 'S-BGOR-001' for key 'PRIMARY'
[2023/10/17 22:05:42]: Duplicate entry 'S-BGOR-001' for key 'PRIMARY'
[2023/10/17 22:05:42]: Duplicate entry 'S-BGOR-001' for key 'PRIMARY'
[2023/10/17 22:06:42]: Duplicate entry 'S-BGOR-002' for key 'PRIMARY'
[2023/10/17 22:06:42]: Duplicate entry 'S-BGOR-002' for key 'PRIMARY'
[2023/10/17 22:06:42]: Duplicate entry 'S-BGOR-002' for key 'PRIMARY'
[2023/10/17 22:06:42]: Duplicate entry 'S-BGOR-002' for key 'PRIMARY'
[2023/10/17 22:06:42]: Duplicate entry 'S-BGOR-002' for key 'PRIMARY'
[2023/10/17 22:06:42]: Duplicate entry 'S-BGOR-002' for key 'PRIMARY'
[2023/10/17 22:08:44]: Duplicate entry 'S-JKRT-001' for key 'PRIMARY'
[2023/10/17 22:08:44]: Duplicate entry 'S-JKRT-001' for key 'PRIMARY'
[2023/10/17 22:08:44]: Duplicate entry 'S-JKRT-001' for key 'PRIMARY'
[2023/10/17 22:08:44]: Duplicate entry 'S-JKRT-001' for key 'PRIMARY'
[2023/10/17 22:08:44]: Duplicate entry 'S-JKRT-001' for key 'PRIMARY'
[2023/10/17 22:08:44]: Duplicate entry 'S-JKRT-001' for key 'PRIMARY'
[2023/10/17 22:08:44]: Duplicate entry 'S-JKRT-001' for key 'PRIMARY'
[2023/10/17 22:08:44]: Duplicate entry 'S-JKRT-001' for key 'PRIMARY'
[2023/10/17 22:08:44]: Duplicate entry 'S-JKRT-001' for key 'PRIMARY'
[2023/10/17 22:08:44]: Duplicate entry 'S-JKRT-001' for key 'PRIMARY'
[2023/10/17 22:08:44]: Duplicate entry 'S-JKRT-001' for key 'PRIMARY'
[2023/10/17 22:08:44]: Duplicate entry 'S-JKRT-001' for key 'PRIMARY'
[2023/10/17 22:08:44]: Duplicate entry 'S-JKRT-001' for key 'PRIMARY'
[2023/10/17 22:08:44]: Duplicate entry 'S-JKRT-001' for key 'PRIMARY'
[2023/10/17 22:08:44]: Duplicate entry 'S-JKRT-001' for key 'PRIMARY'
[2023/10/17 22:09:40]: Duplicate entry 'S-JKRT-002' for key 'PRIMARY'
[2023/10/17 22:09:40]: Duplicate entry 'S-JKRT-002' for key 'PRIMARY'
[2023/10/17 22:09:40]: Duplicate entry 'S-JKRT-002' for key 'PRIMARY'
[2023/10/17 22:09:40]: Duplicate entry 'S-JKRT-002' for key 'PRIMARY'
[2023/10/17 22:09:40]: Duplicate entry 'S-JKRT-002' for key 'PRIMARY'
[2023/10/17 22:09:40]: Duplicate entry 'S-JKRT-002' for key 'PRIMARY'
[2023/10/17 22:09:40]: Duplicate entry 'S-JKRT-002' for key 'PRIMARY'
[2023/10/17 22:09:40]: Duplicate entry 'S-JKRT-002' for key 'PRIMARY'
[2023/10/17 22:09:40]: Duplicate entry 'S-JKRT-002' for key 'PRIMARY'
[2023/10/17 22:09:40]: Duplicate entry 'S-JKRT-002' for key 'PRIMARY'
[2023/10/17 22:09:40]: Duplicate entry 'S-JKRT-002' for key 'PRIMARY'
[2023/10/17 22:09:40]: Duplicate entry 'S-JKRT-002' for key 'PRIMARY'
[2023/10/17 22:09:40]: Duplicate entry 'S-JKRT-002' for key 'PRIMARY'
[2023/10/17 22:09:40]: Duplicate entry 'S-JKRT-002' for key 'PRIMARY'
[2023/10/17 22:09:40]: Duplicate entry 'S-JKRT-002' for key 'PRIMARY'
[2023/10/17 22:09:40]: Duplicate entry 'S-JKRT-002' for key 'PRIMARY'
[2023/10/17 22:10:04]: Duplicate entry 'S-JKRT-003' for key 'PRIMARY'
[2023/10/17 22:10:04]: Duplicate entry 'S-JKRT-003' for key 'PRIMARY'
[2023/10/17 22:10:04]: Duplicate entry 'S-JKRT-003' for key 'PRIMARY'
[2023/10/17 22:10:04]: Duplicate entry 'S-JKRT-003' for key 'PRIMARY'
[2023/10/17 22:10:04]: Duplicate entry 'S-JKRT-003' for key 'PRIMARY'
[2023/10/17 22:10:04]: Duplicate entry 'S-JKRT-003' for key 'PRIMARY'
[2023/10/17 22:10:04]: Duplicate entry 'S-JKRT-003' for key 'PRIMARY'
[2023/10/17 22:10:04]: Duplicate entry 'S-JKRT-003' for key 'PRIMARY'
[2023/10/17 22:10:04]: Duplicate entry 'S-JKRT-003' for key 'PRIMARY'
[2023/10/17 22:10:04]: Duplicate entry 'S-JKRT-003' for key 'PRIMARY'
[2023/10/17 22:10:04]: Duplicate entry 'S-JKRT-003' for key 'PRIMARY'
[2023/10/17 22:10:04]: Duplicate entry 'S-JKRT-003' for key 'PRIMARY'
[2023/10/17 22:10:04]: Duplicate entry 'S-JKRT-003' for key 'PRIMARY'
[2023/10/17 22:10:04]: Duplicate entry 'S-JKRT-003' for key 'PRIMARY'
[2023/10/17 22:10:04]: Duplicate entry 'S-JKRT-003' for key 'PRIMARY'
[2023/10/17 22:10:04]: Duplicate entry 'S-JKRT-003' for key 'PRIMARY'
[2023/10/17 22:10:04]: Duplicate entry 'S-JKRT-003' for key 'PRIMARY'
[2023/10/17 22:10:31]: Duplicate entry 'S-JKRT-004' for key 'PRIMARY'
[2023/10/17 22:10:31]: Duplicate entry 'S-JKRT-004' for key 'PRIMARY'
[2023/10/17 22:10:31]: Duplicate entry 'S-JKRT-004' for key 'PRIMARY'
[2023/10/17 22:10:31]: Duplicate entry 'S-JKRT-004' for key 'PRIMARY'
[2023/10/17 22:10:31]: Duplicate entry 'S-JKRT-004' for key 'PRIMARY'
[2023/10/17 22:10:31]: Duplicate entry 'S-JKRT-004' for key 'PRIMARY'
[2023/10/17 22:10:31]: Duplicate entry 'S-JKRT-004' for key 'PRIMARY'
[2023/10/17 22:10:31]: Duplicate entry 'S-JKRT-004' for key 'PRIMARY'
[2023/10/17 22:10:31]: Duplicate entry 'S-JKRT-004' for key 'PRIMARY'
[2023/10/17 22:10:31]: Duplicate entry 'S-JKRT-004' for key 'PRIMARY'
[2023/10/17 22:10:31]: Duplicate entry 'S-JKRT-004' for key 'PRIMARY'
[2023/10/17 22:10:31]: Duplicate entry 'S-JKRT-004' for key 'PRIMARY'
[2023/10/17 22:10:31]: Duplicate entry 'S-JKRT-004' for key 'PRIMARY'
[2023/10/17 22:10:31]: Duplicate entry 'S-JKRT-004' for key 'PRIMARY'
[2023/10/17 22:10:31]: Duplicate entry 'S-JKRT-004' for key 'PRIMARY'
[2023/10/17 22:10:31]: Duplicate entry 'S-JKRT-004' for key 'PRIMARY'
[2023/10/17 22:10:31]: Duplicate entry 'S-JKRT-004' for key 'PRIMARY'
[2023/10/17 22:10:31]: Duplicate entry 'S-JKRT-004' for key 'PRIMARY'
[2023/10/17 22:12:14]: Duplicate entry 'S-JKRT-005' for key 'PRIMARY'
[2023/10/17 22:12:14]: Duplicate entry 'S-JKRT-005' for key 'PRIMARY'
[2023/10/17 22:12:14]: Duplicate entry 'S-JKRT-005' for key 'PRIMARY'
[2023/10/17 22:12:14]: Duplicate entry 'S-JKRT-005' for key 'PRIMARY'
[2023/10/17 22:12:14]: Duplicate entry 'S-JKRT-005' for key 'PRIMARY'
[2023/10/17 22:12:15]: Duplicate entry 'S-JKRT-005' for key 'PRIMARY'
[2023/10/17 22:12:15]: Duplicate entry 'S-JKRT-005' for key 'PRIMARY'
[2023/10/17 22:12:15]: Duplicate entry 'S-JKRT-005' for key 'PRIMARY'
[2023/10/17 22:12:15]: Duplicate entry 'S-JKRT-005' for key 'PRIMARY'
[2023/10/17 22:12:15]: Duplicate entry 'S-JKRT-005' for key 'PRIMARY'
[2023/10/17 22:12:15]: Duplicate entry 'S-JKRT-005' for key 'PRIMARY'
[2023/10/17 22:12:15]: Duplicate entry 'S-JKRT-005' for key 'PRIMARY'
[2023/10/17 22:12:15]: Duplicate entry 'S-JKRT-005' for key 'PRIMARY'
[2023/10/17 22:12:15]: Duplicate entry 'S-JKRT-005' for key 'PRIMARY'
[2023/10/17 22:12:15]: Duplicate entry 'S-JKRT-005' for key 'PRIMARY'
[2023/10/17 22:12:15]: Duplicate entry 'S-JKRT-005' for key 'PRIMARY'
[2023/10/17 22:12:15]: Duplicate entry 'S-JKRT-005' for key 'PRIMARY'
[2023/10/17 22:12:15]: Duplicate entry 'S-JKRT-005' for key 'PRIMARY'
[2023/10/17 22:12:15]: Duplicate entry 'S-JKRT-005' for key 'PRIMARY'
[2023/10/17 22:13:23]: Duplicate entry 'S-JKRT-006' for key 'PRIMARY'
[2023/10/17 22:13:23]: Duplicate entry 'S-JKRT-006' for key 'PRIMARY'
[2023/10/17 22:13:23]: Duplicate entry 'S-JKRT-006' for key 'PRIMARY'
[2023/10/17 22:13:23]: Duplicate entry 'S-JKRT-006' for key 'PRIMARY'
[2023/10/17 22:13:23]: Duplicate entry 'S-JKRT-006' for key 'PRIMARY'
[2023/10/17 22:13:23]: Duplicate entry 'S-JKRT-006' for key 'PRIMARY'
[2023/10/17 22:13:23]: Duplicate entry 'S-JKRT-006' for key 'PRIMARY'
[2023/10/17 22:13:23]: Duplicate entry 'S-JKRT-006' for key 'PRIMARY'
[2023/10/17 22:13:23]: Duplicate entry 'S-JKRT-006' for key 'PRIMARY'
[2023/10/17 22:13:23]: Duplicate entry 'S-JKRT-006' for key 'PRIMARY'
[2023/10/17 22:13:23]: Duplicate entry 'S-JKRT-006' for key 'PRIMARY'
[2023/10/17 22:13:23]: Duplicate entry 'S-JKRT-006' for key 'PRIMARY'
[2023/10/17 22:13:23]: Duplicate entry 'S-JKRT-006' for key 'PRIMARY'
[2023/10/17 22:13:23]: Duplicate entry 'S-JKRT-006' for key 'PRIMARY'
[2023/10/17 22:13:23]: Duplicate entry 'S-JKRT-006' for key 'PRIMARY'
[2023/10/17 22:13:23]: Duplicate entry 'S-JKRT-006' for key 'PRIMARY'
[2023/10/17 22:13:23]: Duplicate entry 'S-JKRT-006' for key 'PRIMARY'
[2023/10/17 22:13:23]: Duplicate entry 'S-JKRT-006' for key 'PRIMARY'
[2023/10/17 22:13:23]: Duplicate entry 'S-JKRT-006' for key 'PRIMARY'
[2023/10/17 22:13:23]: Duplicate entry 'S-JKRT-006' for key 'PRIMARY'
[2023/10/17 22:13:42]: Duplicate entry 'S-JKRT-007' for key 'PRIMARY'
[2023/10/17 22:13:42]: Duplicate entry 'S-JKRT-007' for key 'PRIMARY'
[2023/10/17 22:13:42]: Duplicate entry 'S-JKRT-007' for key 'PRIMARY'
[2023/10/17 22:13:42]: Duplicate entry 'S-JKRT-007' for key 'PRIMARY'
[2023/10/17 22:13:42]: Duplicate entry 'S-JKRT-007' for key 'PRIMARY'
[2023/10/17 22:13:42]: Duplicate entry 'S-JKRT-007' for key 'PRIMARY'
[2023/10/17 22:13:42]: Duplicate entry 'S-JKRT-007' for key 'PRIMARY'
[2023/10/17 22:13:42]: Duplicate entry 'S-JKRT-007' for key 'PRIMARY'
[2023/10/17 22:13:42]: Duplicate entry 'S-JKRT-007' for key 'PRIMARY'
[2023/10/17 22:13:42]: Duplicate entry 'S-JKRT-007' for key 'PRIMARY'
[2023/10/17 22:13:42]: Duplicate entry 'S-JKRT-007' for key 'PRIMARY'
[2023/10/17 22:13:42]: Duplicate entry 'S-JKRT-007' for key 'PRIMARY'
[2023/10/17 22:13:42]: Duplicate entry 'S-JKRT-007' for key 'PRIMARY'
[2023/10/17 22:13:42]: Duplicate entry 'S-JKRT-007' for key 'PRIMARY'
[2023/10/17 22:13:42]: Duplicate entry 'S-JKRT-007' for key 'PRIMARY'
[2023/10/17 22:13:42]: Duplicate entry 'S-JKRT-007' for key 'PRIMARY'
[2023/10/17 22:13:42]: Duplicate entry 'S-JKRT-007' for key 'PRIMARY'
[2023/10/17 22:13:42]: Duplicate entry 'S-JKRT-007' for key 'PRIMARY'
[2023/10/17 22:13:42]: Duplicate entry 'S-JKRT-007' for key 'PRIMARY'
[2023/10/17 22:13:42]: Duplicate entry 'S-JKRT-007' for key 'PRIMARY'
[2023/10/17 22:13:42]: Duplicate entry 'S-JKRT-007' for key 'PRIMARY'
[2023/10/17 22:14:23]: Duplicate entry 'S-JKRT-008' for key 'PRIMARY'
[2023/10/17 22:14:23]: Duplicate entry 'S-JKRT-008' for key 'PRIMARY'
[2023/10/17 22:14:23]: Duplicate entry 'S-JKRT-008' for key 'PRIMARY'
[2023/10/17 22:14:23]: Duplicate entry 'S-JKRT-008' for key 'PRIMARY'
[2023/10/17 22:14:23]: Duplicate entry 'S-JKRT-008' for key 'PRIMARY'
[2023/10/17 22:14:23]: Duplicate entry 'S-JKRT-008' for key 'PRIMARY'
[2023/10/17 22:14:23]: Duplicate entry 'S-JKRT-008' for key 'PRIMARY'
[2023/10/17 22:14:23]: Duplicate entry 'S-JKRT-008' for key 'PRIMARY'
[2023/10/17 22:14:23]: Duplicate entry 'S-JKRT-008' for key 'PRIMARY'
[2023/10/17 22:14:23]: Duplicate entry 'S-JKRT-008' for key 'PRIMARY'
[2023/10/17 22:14:23]: Duplicate entry 'S-JKRT-008' for key 'PRIMARY'
[2023/10/17 22:14:23]: Duplicate entry 'S-JKRT-008' for key 'PRIMARY'
[2023/10/17 22:14:23]: Duplicate entry 'S-JKRT-008' for key 'PRIMARY'
[2023/10/17 22:14:23]: Duplicate entry 'S-JKRT-008' for key 'PRIMARY'
[2023/10/17 22:14:23]: Duplicate entry 'S-JKRT-008' for key 'PRIMARY'
[2023/10/17 22:14:23]: Duplicate entry 'S-JKRT-008' for key 'PRIMARY'
[2023/10/17 22:14:23]: Duplicate entry 'S-JKRT-008' for key 'PRIMARY'
[2023/10/17 22:14:23]: Duplicate entry 'S-JKRT-008' for key 'PRIMARY'
[2023/10/17 22:14:23]: Duplicate entry 'S-JKRT-008' for key 'PRIMARY'
[2023/10/17 22:14:23]: Duplicate entry 'S-JKRT-008' for key 'PRIMARY'
[2023/10/17 22:14:23]: Duplicate entry 'S-JKRT-008' for key 'PRIMARY'
[2023/10/17 22:14:23]: Duplicate entry 'S-JKRT-008' for key 'PRIMARY'
[2023/10/17 22:14:50]: Duplicate entry 'S-JKRT-009' for key 'PRIMARY'
[2023/10/17 22:14:50]: Duplicate entry 'S-JKRT-009' for key 'PRIMARY'
[2023/10/17 22:14:50]: Duplicate entry 'S-JKRT-009' for key 'PRIMARY'
[2023/10/17 22:14:50]: Duplicate entry 'S-JKRT-009' for key 'PRIMARY'
[2023/10/17 22:14:50]: Duplicate entry 'S-JKRT-009' for key 'PRIMARY'
[2023/10/17 22:14:50]: Duplicate entry 'S-JKRT-009' for key 'PRIMARY'
[2023/10/17 22:14:50]: Duplicate entry 'S-JKRT-009' for key 'PRIMARY'
[2023/10/17 22:14:50]: Duplicate entry 'S-JKRT-009' for key 'PRIMARY'
[2023/10/17 22:14:50]: Duplicate entry 'S-JKRT-009' for key 'PRIMARY'
[2023/10/17 22:14:50]: Duplicate entry 'S-JKRT-009' for key 'PRIMARY'
[2023/10/17 22:14:50]: Duplicate entry 'S-JKRT-009' for key 'PRIMARY'
[2023/10/17 22:14:50]: Duplicate entry 'S-JKRT-009' for key 'PRIMARY'
[2023/10/17 22:14:50]: Duplicate entry 'S-JKRT-009' for key 'PRIMARY'
[2023/10/17 22:14:50]: Duplicate entry 'S-JKRT-009' for key 'PRIMARY'
[2023/10/17 22:14:50]: Duplicate entry 'S-JKRT-009' for key 'PRIMARY'
[2023/10/17 22:14:50]: Duplicate entry 'S-JKRT-009' for key 'PRIMARY'
[2023/10/17 22:14:50]: Duplicate entry 'S-JKRT-009' for key 'PRIMARY'
[2023/10/17 22:14:50]: Duplicate entry 'S-JKRT-009' for key 'PRIMARY'
[2023/10/17 22:14:50]: Duplicate entry 'S-JKRT-009' for key 'PRIMARY'
[2023/10/17 22:14:50]: Duplicate entry 'S-JKRT-009' for key 'PRIMARY'
[2023/10/17 22:14:50]: Duplicate entry 'S-JKRT-009' for key 'PRIMARY'
[2023/10/17 22:14:50]: Duplicate entry 'S-JKRT-009' for key 'PRIMARY'
[2023/10/17 22:14:50]: Duplicate entry 'S-JKRT-009' for key 'PRIMARY'
[2023/10/17 22:15:20]: Duplicate entry 'S-JKRT-010' for key 'PRIMARY'
[2023/10/17 22:15:20]: Duplicate entry 'S-JKRT-010' for key 'PRIMARY'
[2023/10/17 22:15:20]: Duplicate entry 'S-JKRT-010' for key 'PRIMARY'
[2023/10/17 22:15:20]: Duplicate entry 'S-JKRT-010' for key 'PRIMARY'
[2023/10/17 22:15:20]: Duplicate entry 'S-JKRT-010' for key 'PRIMARY'
[2023/10/17 22:15:20]: Duplicate entry 'S-JKRT-010' for key 'PRIMARY'
[2023/10/17 22:15:20]: Duplicate entry 'S-JKRT-010' for key 'PRIMARY'
[2023/10/17 22:15:20]: Duplicate entry 'S-JKRT-010' for key 'PRIMARY'
[2023/10/17 22:15:20]: Duplicate entry 'S-JKRT-010' for key 'PRIMARY'
[2023/10/17 22:15:20]: Duplicate entry 'S-JKRT-010' for key 'PRIMARY'
[2023/10/17 22:15:20]: Duplicate entry 'S-JKRT-010' for key 'PRIMARY'
[2023/10/17 22:15:20]: Duplicate entry 'S-JKRT-010' for key 'PRIMARY'
[2023/10/17 22:15:20]: Duplicate entry 'S-JKRT-010' for key 'PRIMARY'
[2023/10/17 22:15:20]: Duplicate entry 'S-JKRT-010' for key 'PRIMARY'
[2023/10/17 22:15:20]: Duplicate entry 'S-JKRT-010' for key 'PRIMARY'
[2023/10/17 22:15:20]: Duplicate entry 'S-JKRT-010' for key 'PRIMARY'
[2023/10/17 22:15:20]: Duplicate entry 'S-JKRT-010' for key 'PRIMARY'
[2023/10/17 22:15:20]: Duplicate entry 'S-JKRT-010' for key 'PRIMARY'
[2023/10/17 22:15:20]: Duplicate entry 'S-JKRT-010' for key 'PRIMARY'
[2023/10/17 22:15:20]: Duplicate entry 'S-JKRT-010' for key 'PRIMARY'
[2023/10/17 22:15:20]: Duplicate entry 'S-JKRT-010' for key 'PRIMARY'
[2023/10/17 22:15:20]: Duplicate entry 'S-JKRT-010' for key 'PRIMARY'
[2023/10/17 22:15:20]: Duplicate entry 'S-JKRT-010' for key 'PRIMARY'
[2023/10/17 22:15:20]: Duplicate entry 'S-JKRT-010' for key 'PRIMARY'
[2023/10/17 22:15:49]: Duplicate entry 'S-JKRT-011' for key 'PRIMARY'
[2023/10/17 22:15:49]: Duplicate entry 'S-JKRT-011' for key 'PRIMARY'
[2023/10/17 22:15:49]: Duplicate entry 'S-JKRT-011' for key 'PRIMARY'
[2023/10/17 22:15:49]: Duplicate entry 'S-JKRT-011' for key 'PRIMARY'
[2023/10/17 22:15:49]: Duplicate entry 'S-JKRT-011' for key 'PRIMARY'
[2023/10/17 22:15:49]: Duplicate entry 'S-JKRT-011' for key 'PRIMARY'
[2023/10/17 22:15:49]: Duplicate entry 'S-JKRT-011' for key 'PRIMARY'
[2023/10/17 22:15:49]: Duplicate entry 'S-JKRT-011' for key 'PRIMARY'
[2023/10/17 22:15:49]: Duplicate entry 'S-JKRT-011' for key 'PRIMARY'
[2023/10/17 22:15:49]: Duplicate entry 'S-JKRT-011' for key 'PRIMARY'
[2023/10/17 22:15:49]: Duplicate entry 'S-JKRT-011' for key 'PRIMARY'
[2023/10/17 22:15:49]: Duplicate entry 'S-JKRT-011' for key 'PRIMARY'
[2023/10/17 22:15:49]: Duplicate entry 'S-JKRT-011' for key 'PRIMARY'
[2023/10/17 22:15:49]: Duplicate entry 'S-JKRT-011' for key 'PRIMARY'
[2023/10/17 22:15:49]: Duplicate entry 'S-JKRT-011' for key 'PRIMARY'
[2023/10/17 22:15:49]: Duplicate entry 'S-JKRT-011' for key 'PRIMARY'
[2023/10/17 22:15:49]: Duplicate entry 'S-JKRT-011' for key 'PRIMARY'
[2023/10/17 22:15:49]: Duplicate entry 'S-JKRT-011' for key 'PRIMARY'
[2023/10/17 22:15:49]: Duplicate entry 'S-JKRT-011' for key 'PRIMARY'
[2023/10/17 22:15:49]: Duplicate entry 'S-JKRT-011' for key 'PRIMARY'
[2023/10/17 22:15:49]: Duplicate entry 'S-JKRT-011' for key 'PRIMARY'
[2023/10/17 22:15:49]: Duplicate entry 'S-JKRT-011' for key 'PRIMARY'
[2023/10/17 22:15:49]: Duplicate entry 'S-JKRT-011' for key 'PRIMARY'
[2023/10/17 22:15:49]: Duplicate entry 'S-JKRT-011' for key 'PRIMARY'
[2023/10/17 22:15:49]: Duplicate entry 'S-JKRT-011' for key 'PRIMARY'
